2022/03/25 09:18:32 AzcopyVersion  10.13.0
2022/03/25 09:18:32 OS-Environment  windows
2022/03/25 09:18:32 OS-Architecture  amd64
2022/03/25 09:18:32 Log times are in UTC. Local time is 25 Mar 2022 09:18:32
2022/03/25 09:18:32 Job-Command copy https://mystorageyadu1.blob.core.windows.net/mycontaineryadu1/PensionsData.csv?se=2022-04-24t09%3A18%3A26z&sig=-REDACTED-&sp=rl&sr=c&sv=2020-10-02 C:\Users\toyad\AppData\Local\Temp\16481999060631\PensionsData.csv --output-type=json --cancel-from-stdin --overwrite=prompt --check-md5 FailIfDifferent --from-to=BlobLocal --blob-type BlockBlob --recursive --log-level=INFO 
2022/03/25 09:18:32 Number of CPUs: 12
2022/03/25 09:18:32 Max file buffer RAM 6.000 GB
2022/03/25 09:18:32 Max concurrent network operations: 192 (Based on number of CPUs. Set AZCOPY_CONCURRENCY_VALUE environment variable to override)
2022/03/25 09:18:32 Check CPU usage when dynamically tuning concurrency: true (Based on hard-coded default. Set AZCOPY_TUNE_TO_CPU environment variable to true or false override)
2022/03/25 09:18:32 Max concurrent transfer initiation routines: 64 (Based on hard-coded default. Set AZCOPY_CONCURRENT_FILES environment variable to override)
2022/03/25 09:18:32 Max enumeration routines: 16 (Based on hard-coded default. Set AZCOPY_CONCURRENT_SCAN environment variable to override)
2022/03/25 09:18:32 Parallelize getting file properties (file.Stat): false (Based on AZCOPY_PARALLEL_STAT_FILES environment variable)
2022/03/25 09:18:32 Max open files when downloading: 2147483048 (auto-computed)
2022/03/25 09:18:32 ISO 8601 START TIME: to copy files that changed before or after this job started, use the parameter --include-before=2022-03-25T09:18:26Z or --include-after=2022-03-25T09:18:26Z
2022/03/25 09:18:32 Any empty folders will not be processed, because source and/or destination doesn't have full folder support
2022/03/25 09:18:32 JobID=5a2c81a7-00b1-6844-63c9-ed2934c7d37f, credential type: Anonymous
2022/03/25 09:18:32 scheduling JobID=5a2c81a7-00b1-6844-63c9-ed2934c7d37f, Part#=0, Transfer#=0, priority=0
2022/03/25 09:18:32 Final job part has been scheduled
2022/03/25 09:18:32 Final job part has been created
2022/03/25 09:18:32 PERF: primary performance constraint is Unknown. States: C:  0, R:  0, W:  0, F:  0, H:  0, B:  0, S:  0, P:  0, Q:  0, D:  0, E:  0, T:  0, GRs: 67
2022/03/25 09:18:32 0.0 %, 0 Done, 0 Failed, 1 Pending, 0 Skipped, 1 Total, 
2022/03/25 09:18:32 INFO: [P#0-T#0] has worker 54 which is processing TRANSFER 0
2022/03/25 09:18:33 ==> REQUEST/RESPONSE (Try=1/180.4232ms, OpTime=494.2923ms) -- RESPONSE SUCCESSFULLY RECEIVED
   GET https://mystorageyadu1.blob.core.windows.net/mycontaineryadu1/PensionsData.csv?se=2022-04-24t09%3A18%3A26z&sig=-REDACTED-&sp=rl&sr=c&sv=2020-10-02&timeout=901
   X-Ms-Request-Id: [d0fa4477-a01e-0032-2829-40e089000000]

2022/03/25 09:18:33 INFO: [P#0-T#0] DOWNLOADSUCCESSFUL: \\?\C:\Users\toyad\AppData\Local\Temp\16481999060631\PensionsData.csv
2022/03/25 09:18:33 JobID=5a2c81a7-00b1-6844-63c9-ed2934c7d37f, Part#=0, TransfersDone=1 of 1
2022/03/25 09:18:33 all parts of entire Job 5a2c81a7-00b1-6844-63c9-ed2934c7d37f successfully completed, cancelled or paused
2022/03/25 09:18:33 is part of Job which 1 total number of parts done 
2022/03/25 09:18:34 PERF: primary performance constraint is Unknown. States: C:  0, R:  0, W:  0, F:  0, H:  0, B:  0, S:  0, P:  0, Q:  0, D:  0, E:  0, T:  0, GRs: 192
